[0m03:32:50.791903 [debug] [MainThread]: Sending event: {'category': 'dbt', 'action': 'invocation', 'label': 'start', 'context': [<snowplow_tracker.self_describing_json.SelfDescribingJson object at 0x7fa033892e70>, <snowplow_tracker.self_describing_json.SelfDescribingJson object at 0x7fa033100650>, <snowplow_tracker.self_describing_json.SelfDescribingJson object at 0x7fa033ff55b0>]}


============================== 03:32:50.840957 | 0f69aaa8-fa65-46ab-9d49-ca971213299f ==============================
[0m03:32:50.840957 [info ] [MainThread]: Running with dbt=1.9.2
[0m03:32:50.841899 [debug] [MainThread]: running dbt with arguments {'printer_width': '80', 'indirect_selection': 'eager', 'log_cache_events': 'False', 'write_json': 'True', 'partial_parse': 'True', 'cache_selected_only': 'False', 'warn_error': 'None', 'debug': 'False', 'profiles_dir': '/home/tuanlg/.dbt', 'log_path': 'logs', 'fail_fast': 'False', 'version_check': 'True', 'use_colors': 'True', 'use_experimental_parser': 'False', 'no_print': 'None', 'quiet': 'False', 'empty': 'None', 'warn_error_options': 'WarnErrorOptions(include=[], exclude=[])', 'static_parser': 'True', 'invocation_command': 'dbt init', 'introspect': 'True', 'target_path': 'None', 'log_format': 'default', 'send_anonymous_usage_stats': 'True'}
[0m03:32:50.983136 [warn ] [MainThread]: [ConfigFolderDirectory]: Unable to parse logging event dictionary. Failed to parse dir field: expected string or bytes-like object, got 'PosixPath'.. Dictionary: {'dir': PosixPath('/home/tuanlg/.dbt')}
[0m03:32:50.983798 [info ] [MainThread]: Creating dbt configuration folder at 
[0m03:33:37.935117 [debug] [MainThread]: Starter project path: /home/tuanlg/anaconda3/lib/python3.12/site-packages/dbt/include/starter_project
[0m03:33:37.939097 [info ] [MainThread]: 
Your new dbt project "data_zoomcamp" was created!

For more information on how to configure the profiles.yml file,
please consult the dbt documentation here:

  https://docs.getdbt.com/docs/configure-your-profile

One more thing:

Need help? Don't hesitate to reach out to us via GitHub issues or on Slack:

  https://community.getdbt.com/

Happy modeling!

[0m03:33:37.939910 [info ] [MainThread]: Setting up your profile.
[0m03:38:00.363273 [info ] [MainThread]: Profile data_zoomcamp written to /home/tuanlg/.dbt/profiles.yml using target's profile_template.yml and your supplied values. Run 'dbt debug' to validate the connection.
[0m03:38:00.364619 [debug] [MainThread]: Resource report: {"command_name": "init", "command_success": true, "command_wall_clock_time": 309.64062, "process_in_blocks": "255640", "process_kernel_time": 0.686066, "process_mem_max_rss": "244072", "process_out_blocks": "88", "process_user_time": 3.470007}
[0m03:38:00.365463 [debug] [MainThread]: Command `dbt init` succeeded at 03:38:00.365283 after 309.64 seconds
[0m03:38:00.366095 [debug] [MainThread]: Sending event: {'category': 'dbt', 'action': 'invocation', 'label': 'end', 'context': [<snowplow_tracker.self_describing_json.SelfDescribingJson object at 0x7fa0333e0b00>, <snowplow_tracker.self_describing_json.SelfDescribingJson object at 0x7fa033100650>, <snowplow_tracker.self_describing_json.SelfDescribingJson object at 0x7fa032ef2ff0>]}
[0m03:38:00.366943 [debug] [MainThread]: Flushing usage events
[0m03:38:00.538450 [debug] [MainThread]: An error was encountered while trying to flush usage events
[0m03:38:51.919276 [debug] [MainThread]: Sending event: {'category': 'dbt', 'action': 'invocation', 'label': 'start', 'context': [<snowplow_tracker.self_describing_json.SelfDescribingJson object at 0x7faa90ee9ca0>, <snowplow_tracker.self_describing_json.SelfDescribingJson object at 0x7faa9092c950>, <snowplow_tracker.self_describing_json.SelfDescribingJson object at 0x7faa9092fb60>]}


============================== 03:38:51.923817 | 03e7ec50-a3c3-4d42-9fb1-febb04b7b681 ==============================
[0m03:38:51.923817 [info ] [MainThread]: Running with dbt=1.9.2
[0m03:38:51.924665 [debug] [MainThread]: running dbt with arguments {'printer_width': '80', 'indirect_selection': 'eager', 'write_json': 'True', 'log_cache_events': 'False', 'partial_parse': 'True', 'cache_selected_only': 'False', 'profiles_dir': '/home/tuanlg/.dbt', 'fail_fast': 'False', 'warn_error': 'None', 'log_path': 'logs', 'debug': 'False', 'version_check': 'True', 'use_colors': 'True', 'use_experimental_parser': 'False', 'no_print': 'None', 'quiet': 'False', 'empty': 'None', 'warn_error_options': 'WarnErrorOptions(include=[], exclude=[])', 'static_parser': 'True', 'log_format': 'default', 'invocation_command': 'dbt debug', 'target_path': 'None', 'introspect': 'True', 'send_anonymous_usage_stats': 'True'}
[0m03:38:51.940316 [info ] [MainThread]: dbt version: 1.9.2
[0m03:38:51.940975 [info ] [MainThread]: python version: 3.12.7
[0m03:38:51.941488 [info ] [MainThread]: python path: /home/tuanlg/anaconda3/bin/python
[0m03:38:51.941974 [info ] [MainThread]: os info: Linux-5.15.0-1075-gcp-x86_64-with-glibc2.31
[0m03:38:53.414504 [info ] [MainThread]: Using profiles dir at /home/tuanlg/.dbt
[0m03:38:53.415245 [info ] [MainThread]: Using profiles.yml file at /home/tuanlg/.dbt/profiles.yml
[0m03:38:53.415691 [info ] [MainThread]: Using dbt_project.yml file at /home/tuanlg/data-engineering-zoomcamp-2025-exercise/week_4_exercise/dbt_project.yml
[0m03:38:53.416105 [info ] [MainThread]: adapter type: bigquery
[0m03:38:53.416506 [info ] [MainThread]: adapter version: 1.9.1
[0m03:38:53.416930 [info ] [MainThread]: Configuration:
[0m03:38:53.417334 [info ] [MainThread]:   profiles.yml file [[32mOK found and valid[0m]
[0m03:38:53.417719 [info ] [MainThread]:   dbt_project.yml file [[31mERROR not found[0m]
[0m03:38:53.418095 [info ] [MainThread]: Required dependencies:
[0m03:38:53.418561 [debug] [MainThread]: Executing "git --help"
[0m03:38:53.421503 [debug] [MainThread]: STDOUT: "b"usage: git [--version] [--help] [-C <path>] [-c <name>=<value>]\n           [--exec-path[=<path>]] [--html-path] [--man-path] [--info-path]\n           [-p | --paginate | -P | --no-pager] [--no-replace-objects] [--bare]\n           [--git-dir=<path>] [--work-tree=<path>] [--namespace=<name>]\n           <command> [<args>]\n\nThese are common Git commands used in various situations:\n\nstart a working area (see also: git help tutorial)\n   clone             Clone a repository into a new directory\n   init              Create an empty Git repository or reinitialize an existing one\n\nwork on the current change (see also: git help everyday)\n   add               Add file contents to the index\n   mv                Move or rename a file, a directory, or a symlink\n   restore           Restore working tree files\n   rm                Remove files from the working tree and from the index\n   sparse-checkout   Initialize and modify the sparse-checkout\n\nexamine the history and state (see also: git help revisions)\n   bisect            Use binary search to find the commit that introduced a bug\n   diff              Show changes between commits, commit and working tree, etc\n   grep              Print lines matching a pattern\n   log               Show commit logs\n   show              Show various types of objects\n   status            Show the working tree status\n\ngrow, mark and tweak your common history\n   branch            List, create, or delete branches\n   commit            Record changes to the repository\n   merge             Join two or more development histories together\n   rebase            Reapply commits on top of another base tip\n   reset             Reset current HEAD to the specified state\n   switch            Switch branches\n   tag               Create, list, delete or verify a tag object signed with GPG\n\ncollaborate (see also: git help workflows)\n   fetch             Download objects and refs from another repository\n   pull              Fetch from and integrate with another repository or a local branch\n   push              Update remote refs along with associated objects\n\n'git help -a' and 'git help -g' list available subcommands and some\nconcept guides. See 'git help <command>' or 'git help <concept>'\nto read about a specific subcommand or concept.\nSee 'git help git' for an overview of the system.\n""
[0m03:38:53.422204 [debug] [MainThread]: STDERR: "b''"
[0m03:38:53.422952 [info ] [MainThread]:  - git [[32mOK found[0m]

[0m03:38:53.423689 [info ] [MainThread]: Connection:
[0m03:38:53.424372 [info ] [MainThread]:   method: service-account
[0m03:38:53.425029 [info ] [MainThread]:   database: august-sandbox-425102-m1
[0m03:38:53.425540 [info ] [MainThread]:   execution_project: august-sandbox-425102-m1
[0m03:38:53.425975 [info ] [MainThread]:   schema: ny_taxi
[0m03:38:53.426393 [info ] [MainThread]:   location: US
[0m03:38:53.426858 [info ] [MainThread]:   priority: interactive
[0m03:38:53.427277 [info ] [MainThread]:   maximum_bytes_billed: None
[0m03:38:53.427731 [info ] [MainThread]:   impersonate_service_account: None
[0m03:38:53.428266 [info ] [MainThread]:   job_retry_deadline_seconds: None
[0m03:38:53.428839 [info ] [MainThread]:   job_retries: 1
[0m03:38:53.429491 [info ] [MainThread]:   job_creation_timeout_seconds: None
[0m03:38:53.430133 [info ] [MainThread]:   job_execution_timeout_seconds: 300
[0m03:38:53.430804 [info ] [MainThread]:   timeout_seconds: 300
[0m03:38:53.431322 [info ] [MainThread]:   client_id: None
[0m03:38:53.431837 [info ] [MainThread]:   token_uri: None
[0m03:38:53.432313 [info ] [MainThread]:   dataproc_region: None
[0m03:38:53.432804 [info ] [MainThread]:   dataproc_cluster_name: None
[0m03:38:53.433299 [info ] [MainThread]:   gcs_bucket: None
[0m03:38:53.433738 [info ] [MainThread]:   dataproc_batch: None
[0m03:38:53.434454 [info ] [MainThread]: Registered adapter: bigquery=1.9.1
[0m03:38:53.745814 [debug] [MainThread]: Acquiring new bigquery connection 'debug'
[0m03:38:53.746474 [debug] [MainThread]: On debug: select 1 as id
[0m03:38:53.747034 [debug] [MainThread]: Opening a new connection, currently in state init
[0m03:38:53.747626 [debug] [MainThread]: BigQuery adapter: Got an error when attempting to create a bigquery " "client: '[Errno 2] No such file or directory: '/home/tuanldata-engineering-zoomcamp-2025-exercise/week_4_exercise/.keys/keyfile.json''
[0m03:38:53.748136 [debug] [MainThread]: BigQuery adapter: Unhandled error while running:
select 1 as id
[0m03:38:53.748552 [debug] [MainThread]: BigQuery adapter: Database Error
  [Errno 2] No such file or directory: '/home/tuanldata-engineering-zoomcamp-2025-exercise/week_4_exercise/.keys/keyfile.json'
[0m03:38:53.748983 [info ] [MainThread]:   Connection test: [[31mERROR[0m]

[0m03:38:53.749546 [info ] [MainThread]: [31m2 checks failed:[0m
[0m03:38:53.750474 [info ] [MainThread]: Project loading failed for the following reason:
 project path </home/tuanlg/data-engineering-zoomcamp-2025-exercise/week_4_exercise/dbt_project.yml> not found

[0m03:38:53.751014 [info ] [MainThread]: dbt was unable to connect to the specified database.
The database returned the following error:

  >'NoneType' object has no attribute 'close'

Check your database credentials and try again. For more information, visit:
https://docs.getdbt.com/docs/configure-your-profile


[0m03:38:53.751873 [debug] [MainThread]: Resource report: {"command_name": "debug", "command_success": false, "command_wall_clock_time": 1.9015188, "process_in_blocks": "360", "process_kernel_time": 0.335661, "process_mem_max_rss": "246624", "process_out_blocks": "32", "process_user_time": 3.239793}
[0m03:38:53.752579 [debug] [MainThread]: Command `dbt debug` failed at 03:38:53.752420 after 1.90 seconds
[0m03:38:53.753115 [debug] [MainThread]: Sending event: {'category': 'dbt', 'action': 'invocation', 'label': 'end', 'context': [<snowplow_tracker.self_describing_json.SelfDescribingJson object at 0x7faa9043fe60>, <snowplow_tracker.self_describing_json.SelfDescribingJson object at 0x7faa90470e00>, <snowplow_tracker.self_describing_json.SelfDescribingJson object at 0x7faa7232b8f0>]}
[0m03:38:53.753701 [debug] [MainThread]: Flushing usage events
[0m03:38:53.905406 [debug] [MainThread]: An error was encountered while trying to flush usage events
[0m03:39:51.372977 [debug] [MainThread]: Sending event: {'category': 'dbt', 'action': 'invocation', 'label': 'start', 'context': [<snowplow_tracker.self_describing_json.SelfDescribingJson object at 0x7f622772f620>, <snowplow_tracker.self_describing_json.SelfDescribingJson object at 0x7f6227e22720>, <snowplow_tracker.self_describing_json.SelfDescribingJson object at 0x7f62295654c0>]}


============================== 03:39:51.377559 | 0def3b2d-9539-4ba2-815f-5797a5f50cd2 ==============================
[0m03:39:51.377559 [info ] [MainThread]: Running with dbt=1.9.2
[0m03:39:51.378527 [debug] [MainThread]: running dbt with arguments {'printer_width': '80', 'indirect_selection': 'eager', 'log_cache_events': 'False', 'write_json': 'True', 'partial_parse': 'True', 'cache_selected_only': 'False', 'profiles_dir': '/home/tuanlg/.dbt', 'debug': 'False', 'warn_error': 'None', 'log_path': 'logs', 'fail_fast': 'False', 'version_check': 'True', 'use_colors': 'True', 'use_experimental_parser': 'False', 'no_print': 'None', 'quiet': 'False', 'empty': 'None', 'warn_error_options': 'WarnErrorOptions(include=[], exclude=[])', 'static_parser': 'True', 'introspect': 'True', 'invocation_command': 'dbt init', 'target_path': 'None', 'log_format': 'default', 'send_anonymous_usage_stats': 'True'}
[0m03:39:57.282020 [info ] [MainThread]: A project called data_zoomcamp already exists here.
[0m03:39:57.283704 [debug] [MainThread]: Resource report: {"command_name": "init", "command_success": true, "command_wall_clock_time": 5.9786954, "process_in_blocks": "0", "process_kernel_time": 0.156182, "process_mem_max_rss": "92276", "process_out_blocks": "16", "process_user_time": 1.774745}
[0m03:39:57.284533 [debug] [MainThread]: Command `dbt init` succeeded at 03:39:57.284354 after 5.98 seconds
[0m03:39:57.285119 [debug] [MainThread]: Sending event: {'category': 'dbt', 'action': 'invocation', 'label': 'end', 'context': [<snowplow_tracker.self_describing_json.SelfDescribingJson object at 0x7f62273fbef0>, <snowplow_tracker.self_describing_json.SelfDescribingJson object at 0x7f6227246210>, <snowplow_tracker.self_describing_json.SelfDescribingJson object at 0x7f62273b2e10>]}
[0m03:39:57.285732 [debug] [MainThread]: Flushing usage events
[0m03:39:57.451831 [debug] [MainThread]: An error was encountered while trying to flush usage events
[0m03:40:09.076212 [debug] [MainThread]: Sending event: {'category': 'dbt', 'action': 'invocation', 'label': 'start', 'context': [<snowplow_tracker.self_describing_json.SelfDescribingJson object at 0x7f130b7d9af0>, <snowplow_tracker.self_describing_json.SelfDescribingJson object at 0x7f1308be1430>, <snowplow_tracker.self_describing_json.SelfDescribingJson object at 0x7f1309271a60>]}


============================== 03:40:09.080998 | f431fd42-fd51-4222-829a-c64c39a8f1a3 ==============================
[0m03:40:09.080998 [info ] [MainThread]: Running with dbt=1.9.2
[0m03:40:09.081862 [debug] [MainThread]: running dbt with arguments {'printer_width': '80', 'indirect_selection': 'eager', 'log_cache_events': 'False', 'write_json': 'True', 'partial_parse': 'True', 'cache_selected_only': 'False', 'profiles_dir': '/home/tuanlg/.dbt', 'fail_fast': 'False', 'version_check': 'True', 'log_path': 'logs', 'debug': 'False', 'warn_error': 'None', 'use_colors': 'True', 'use_experimental_parser': 'False', 'empty': 'None', 'quiet': 'False', 'no_print': 'None', 'warn_error_options': 'WarnErrorOptions(include=[], exclude=[])', 'invocation_command': 'dbt debug', 'log_format': 'default', 'introspect': 'True', 'target_path': 'None', 'static_parser': 'True', 'send_anonymous_usage_stats': 'True'}
[0m03:40:09.098211 [info ] [MainThread]: dbt version: 1.9.2
[0m03:40:09.098912 [info ] [MainThread]: python version: 3.12.7
[0m03:40:09.099422 [info ] [MainThread]: python path: /home/tuanlg/anaconda3/bin/python
[0m03:40:09.099878 [info ] [MainThread]: os info: Linux-5.15.0-1075-gcp-x86_64-with-glibc2.31
[0m03:40:10.612461 [info ] [MainThread]: Using profiles dir at /home/tuanlg/.dbt
[0m03:40:10.613162 [info ] [MainThread]: Using profiles.yml file at /home/tuanlg/.dbt/profiles.yml
[0m03:40:10.613718 [info ] [MainThread]: Using dbt_project.yml file at /home/tuanlg/data-engineering-zoomcamp-2025-exercise/week_4_exercise/dbt_project.yml
[0m03:40:10.614218 [info ] [MainThread]: adapter type: bigquery
[0m03:40:10.614736 [info ] [MainThread]: adapter version: 1.9.1
[0m03:40:10.615461 [info ] [MainThread]: Configuration:
[0m03:40:10.616036 [info ] [MainThread]:   profiles.yml file [[32mOK found and valid[0m]
[0m03:40:10.616527 [info ] [MainThread]:   dbt_project.yml file [[31mERROR not found[0m]
[0m03:40:10.616997 [info ] [MainThread]: Required dependencies:
[0m03:40:10.617492 [debug] [MainThread]: Executing "git --help"
[0m03:40:10.620868 [debug] [MainThread]: STDOUT: "b"usage: git [--version] [--help] [-C <path>] [-c <name>=<value>]\n           [--exec-path[=<path>]] [--html-path] [--man-path] [--info-path]\n           [-p | --paginate | -P | --no-pager] [--no-replace-objects] [--bare]\n           [--git-dir=<path>] [--work-tree=<path>] [--namespace=<name>]\n           <command> [<args>]\n\nThese are common Git commands used in various situations:\n\nstart a working area (see also: git help tutorial)\n   clone             Clone a repository into a new directory\n   init              Create an empty Git repository or reinitialize an existing one\n\nwork on the current change (see also: git help everyday)\n   add               Add file contents to the index\n   mv                Move or rename a file, a directory, or a symlink\n   restore           Restore working tree files\n   rm                Remove files from the working tree and from the index\n   sparse-checkout   Initialize and modify the sparse-checkout\n\nexamine the history and state (see also: git help revisions)\n   bisect            Use binary search to find the commit that introduced a bug\n   diff              Show changes between commits, commit and working tree, etc\n   grep              Print lines matching a pattern\n   log               Show commit logs\n   show              Show various types of objects\n   status            Show the working tree status\n\ngrow, mark and tweak your common history\n   branch            List, create, or delete branches\n   commit            Record changes to the repository\n   merge             Join two or more development histories together\n   rebase            Reapply commits on top of another base tip\n   reset             Reset current HEAD to the specified state\n   switch            Switch branches\n   tag               Create, list, delete or verify a tag object signed with GPG\n\ncollaborate (see also: git help workflows)\n   fetch             Download objects and refs from another repository\n   pull              Fetch from and integrate with another repository or a local branch\n   push              Update remote refs along with associated objects\n\n'git help -a' and 'git help -g' list available subcommands and some\nconcept guides. See 'git help <command>' or 'git help <concept>'\nto read about a specific subcommand or concept.\nSee 'git help git' for an overview of the system.\n""
[0m03:40:10.621912 [debug] [MainThread]: STDERR: "b''"
[0m03:40:10.622604 [info ] [MainThread]:  - git [[32mOK found[0m]

[0m03:40:10.623348 [info ] [MainThread]: Connection:
[0m03:40:10.624072 [info ] [MainThread]:   method: service-account
[0m03:40:10.624737 [info ] [MainThread]:   database: august-sandbox-425102-m1
[0m03:40:10.625379 [info ] [MainThread]:   execution_project: august-sandbox-425102-m1
[0m03:40:10.626094 [info ] [MainThread]:   schema: ny_taxi
[0m03:40:10.626762 [info ] [MainThread]:   location: US
[0m03:40:10.627412 [info ] [MainThread]:   priority: interactive
[0m03:40:10.628059 [info ] [MainThread]:   maximum_bytes_billed: None
[0m03:40:10.628695 [info ] [MainThread]:   impersonate_service_account: None
[0m03:40:10.629356 [info ] [MainThread]:   job_retry_deadline_seconds: None
[0m03:40:10.630186 [info ] [MainThread]:   job_retries: 1
[0m03:40:10.630995 [info ] [MainThread]:   job_creation_timeout_seconds: None
[0m03:40:10.631699 [info ] [MainThread]:   job_execution_timeout_seconds: 300
[0m03:40:10.632621 [info ] [MainThread]:   timeout_seconds: 300
[0m03:40:10.633312 [info ] [MainThread]:   client_id: None
[0m03:40:10.633924 [info ] [MainThread]:   token_uri: None
[0m03:40:10.634456 [info ] [MainThread]:   dataproc_region: None
[0m03:40:10.635077 [info ] [MainThread]:   dataproc_cluster_name: None
[0m03:40:10.635721 [info ] [MainThread]:   gcs_bucket: None
[0m03:40:10.636224 [info ] [MainThread]:   dataproc_batch: None
[0m03:40:10.637024 [info ] [MainThread]: Registered adapter: bigquery=1.9.1
[0m03:40:10.805526 [debug] [MainThread]: Acquiring new bigquery connection 'debug'
[0m03:40:10.806272 [debug] [MainThread]: On debug: select 1 as id
[0m03:40:10.806836 [debug] [MainThread]: Opening a new connection, currently in state init
[0m03:40:10.807445 [debug] [MainThread]: BigQuery adapter: Got an error when attempting to create a bigquery " "client: '[Errno 2] No such file or directory: '/home/tuanldata-engineering-zoomcamp-2025-exercise/week_4_exercise/.keys/keyfile.json''
[0m03:40:10.807968 [debug] [MainThread]: BigQuery adapter: Unhandled error while running:
select 1 as id
[0m03:40:10.808401 [debug] [MainThread]: BigQuery adapter: Database Error
  [Errno 2] No such file or directory: '/home/tuanldata-engineering-zoomcamp-2025-exercise/week_4_exercise/.keys/keyfile.json'
[0m03:40:10.808838 [info ] [MainThread]:   Connection test: [[31mERROR[0m]

[0m03:40:10.809489 [info ] [MainThread]: [31m2 checks failed:[0m
[0m03:40:10.810509 [info ] [MainThread]: Project loading failed for the following reason:
 project path </home/tuanlg/data-engineering-zoomcamp-2025-exercise/week_4_exercise/dbt_project.yml> not found

[0m03:40:10.811123 [info ] [MainThread]: dbt was unable to connect to the specified database.
The database returned the following error:

  >'NoneType' object has no attribute 'close'

Check your database credentials and try again. For more information, visit:
https://docs.getdbt.com/docs/configure-your-profile


[0m03:40:10.812039 [debug] [MainThread]: Resource report: {"command_name": "debug", "command_success": false, "command_wall_clock_time": 1.8048264, "process_in_blocks": "0", "process_kernel_time": 0.368142, "process_mem_max_rss": "247044", "process_out_blocks": "16", "process_user_time": 3.276373}
[0m03:40:10.812951 [debug] [MainThread]: Command `dbt debug` failed at 03:40:10.812742 after 1.81 seconds
[0m03:40:10.813656 [debug] [MainThread]: Sending event: {'category': 'dbt', 'action': 'invocation', 'label': 'end', 'context': [<snowplow_tracker.self_describing_json.SelfDescribingJson object at 0x7f130868cd40>, <snowplow_tracker.self_describing_json.SelfDescribingJson object at 0x7f1308be1430>, <snowplow_tracker.self_describing_json.SelfDescribingJson object at 0x7f130912dc70>]}
[0m03:40:10.814270 [debug] [MainThread]: Flushing usage events
[0m03:40:10.935776 [debug] [MainThread]: An error was encountered while trying to flush usage events
